<?xml version="1.0" encoding="UTF-8"?>
<coverage generated="1658454582109" clover="3.2.0">
  <project timestamp="1658454582110" name="All files">
    <metrics statements="34" coveredstatements="34" conditionals="14" coveredconditionals="14" methods="3" coveredmethods="3" elements="51" coveredelements="51" complexity="0" loc="34" ncloc="34" packages="1" files="3" classes="3"/>
    <file name="fibonacci.ts" path="/Users/gidox/Code/heningz/logical-test/src/fibonacci.ts">
      <metrics statements="10" coveredstatements="10" conditionals="2" coveredconditionals="2" methods="1" coveredmethods="1"/>
      <line num="1" count="1" type="cond" truecount="1" falsecount="0"/>
      <line num="2" count="1" type="stmt"/>
      <line num="3" count="1" type="stmt"/>
      <line num="4" count="1" type="cond" truecount="1" falsecount="0"/>
      <line num="5" count="9" type="stmt"/>
      <line num="6" count="9" type="stmt"/>
      <line num="7" count="1" type="stmt"/>
      <line num="8" count="1" type="stmt"/>
      <line num="9" count="1" type="stmt"/>
      <line num="10" count="1" type="stmt"/>
    </file>
    <file name="repeatWordsInString.ts" path="/Users/gidox/Code/heningz/logical-test/src/repeatWordsInString.ts">
      <metrics statements="6" coveredstatements="6" conditionals="3" coveredconditionals="3" methods="1" coveredmethods="1"/>
      <line num="1" count="1" type="cond" truecount="1" falsecount="0"/>
      <line num="2" count="1" type="stmt"/>
      <line num="3" count="1" type="stmt"/>
      <line num="4" count="1" type="cond" truecount="2" falsecount="0"/>
      <line num="5" count="1" type="stmt"/>
      <line num="6" count="1" type="stmt"/>
    </file>
    <file name="substitution.ts" path="/Users/gidox/Code/heningz/logical-test/src/substitution.ts">
      <metrics statements="18" coveredstatements="18" conditionals="9" coveredconditionals="9" methods="1" coveredmethods="1"/>
      <line num="1" count="1" type="cond" truecount="1" falsecount="0"/>
      <line num="2" count="1" type="stmt"/>
      <line num="3" count="1" type="stmt"/>
      <line num="4" count="1" type="cond" truecount="1" falsecount="0"/>
      <line num="5" count="100" type="cond" truecount="2" falsecount="0"/>
      <line num="6" count="6" type="stmt"/>
      <line num="7" count="100" type="cond" truecount="2" falsecount="0"/>
      <line num="8" count="27" type="stmt"/>
      <line num="9" count="94" type="cond" truecount="2" falsecount="0"/>
      <line num="10" count="14" type="stmt"/>
      <line num="11" count="67" type="cond" truecount="1" falsecount="0"/>
      <line num="12" count="53" type="stmt"/>
      <line num="13" count="53" type="stmt"/>
      <line num="14" count="100" type="stmt"/>
      <line num="15" count="1" type="stmt"/>
      <line num="16" count="1" type="stmt"/>
      <line num="17" count="1" type="stmt"/>
      <line num="18" count="1" type="stmt"/>
    </file>
  </project>
</coverage>
