{"/Users/gidox/Code/heningz/logical-test/src/fibonacci.ts": {"path":"/Users/gidox/Code/heningz/logical-test/src/fibonacci.ts","all":false,"statementMap":{"0":{"start":{"line":1,"column":0},"end":{"line":1,"column":40}},"1":{"start":{"line":2,"column":0},"end":{"line":2,"column":32}},"2":{"start":{"line":3,"column":0},"end":{"line":3,"column":0}},"3":{"start":{"line":4,"column":0},"end":{"line":4,"column":34}},"4":{"start":{"line":5,"column":0},"end":{"line":5,"column":75}},"5":{"start":{"line":6,"column":0},"end":{"line":6,"column":3}},"6":{"start":{"line":7,"column":0},"end":{"line":7,"column":0}},"7":{"start":{"line":8,"column":0},"end":{"line":8,"column":38}},"8":{"start":{"line":9,"column":0},"end":{"line":9,"column":0}},"9":{"start":{"line":10,"column":0},"end":{"line":10,"column":1}}},"s":{"0":1,"1":1,"2":1,"3":1,"4":9,"5":9,"6":1,"7":1,"8":1,"9":1},"branchMap":{"0":{"type":"branch","line":1,"loc":{"start":{"line":1,"column":0},"end":{"line":10,"column":1}},"locations":[{"start":{"line":1,"column":0},"end":{"line":10,"column":1}}]},"1":{"type":"branch","line":4,"loc":{"start":{"line":4,"column":33},"end":{"line":6,"column":3}},"locations":[{"start":{"line":4,"column":33},"end":{"line":6,"column":3}}]}},"b":{"0":[1],"1":[9]},"fnMap":{"0":{"name":"fibonacci","decl":{"start":{"line":1,"column":0},"end":{"line":10,"column":1}},"loc":{"start":{"line":1,"column":0},"end":{"line":10,"column":1}},"line":1}},"f":{"0":1}}
,"/Users/gidox/Code/heningz/logical-test/src/repeatWordsInString.ts": {"path":"/Users/gidox/Code/heningz/logical-test/src/repeatWordsInString.ts","all":false,"statementMap":{"0":{"start":{"line":1,"column":0},"end":{"line":1,"column":53}},"1":{"start":{"line":2,"column":0},"end":{"line":2,"column":78}},"2":{"start":{"line":3,"column":0},"end":{"line":3,"column":42}},"3":{"start":{"line":4,"column":0},"end":{"line":4,"column":98}},"4":{"start":{"line":5,"column":0},"end":{"line":5,"column":32}},"5":{"start":{"line":6,"column":0},"end":{"line":6,"column":1}}},"s":{"0":1,"1":1,"2":1,"3":1,"4":1,"5":1},"branchMap":{"0":{"type":"branch","line":1,"loc":{"start":{"line":1,"column":0},"end":{"line":6,"column":1}},"locations":[{"start":{"line":1,"column":0},"end":{"line":6,"column":1}}]},"1":{"type":"branch","line":4,"loc":{"start":{"line":4,"column":38},"end":{"line":4,"column":96}},"locations":[{"start":{"line":4,"column":38},"end":{"line":4,"column":96}}]},"2":{"type":"branch","line":4,"loc":{"start":{"line":4,"column":71},"end":{"line":4,"column":86}},"locations":[{"start":{"line":4,"column":71},"end":{"line":4,"column":86}}]}},"b":{"0":[1],"1":[7],"2":[70]},"fnMap":{"0":{"name":"repeatWordsInString","decl":{"start":{"line":1,"column":0},"end":{"line":6,"column":1}},"loc":{"start":{"line":1,"column":0},"end":{"line":6,"column":1}},"line":1}},"f":{"0":1}}
,"/Users/gidox/Code/heningz/logical-test/src/substitution.ts": {"path":"/Users/gidox/Code/heningz/logical-test/src/substitution.ts","all":false,"statementMap":{"0":{"start":{"line":1,"column":0},"end":{"line":1,"column":32}},"1":{"start":{"line":2,"column":0},"end":{"line":2,"column":20}},"2":{"start":{"line":3,"column":0},"end":{"line":3,"column":0}},"3":{"start":{"line":4,"column":0},"end":{"line":4,"column":33}},"4":{"start":{"line":5,"column":0},"end":{"line":5,"column":36}},"5":{"start":{"line":6,"column":0},"end":{"line":6,"column":30}},"6":{"start":{"line":7,"column":0},"end":{"line":7,"column":28}},"7":{"start":{"line":8,"column":0},"end":{"line":8,"column":26}},"8":{"start":{"line":9,"column":0},"end":{"line":9,"column":29}},"9":{"start":{"line":10,"column":0},"end":{"line":10,"column":26}},"10":{"start":{"line":11,"column":0},"end":{"line":11,"column":12}},"11":{"start":{"line":12,"column":0},"end":{"line":12,"column":21}},"12":{"start":{"line":13,"column":0},"end":{"line":13,"column":5}},"13":{"start":{"line":14,"column":0},"end":{"line":14,"column":3}},"14":{"start":{"line":15,"column":0},"end":{"line":15,"column":0}},"15":{"start":{"line":16,"column":0},"end":{"line":16,"column":27}},"16":{"start":{"line":17,"column":0},"end":{"line":17,"column":0}},"17":{"start":{"line":18,"column":0},"end":{"line":18,"column":1}}},"s":{"0":1,"1":1,"2":1,"3":1,"4":100,"5":6,"6":100,"7":27,"8":94,"9":14,"10":67,"11":53,"12":53,"13":100,"14":1,"15":1,"16":1,"17":1},"branchMap":{"0":{"type":"branch","line":1,"loc":{"start":{"line":1,"column":0},"end":{"line":18,"column":1}},"locations":[{"start":{"line":1,"column":0},"end":{"line":18,"column":1}}]},"1":{"type":"branch","line":4,"loc":{"start":{"line":4,"column":32},"end":{"line":14,"column":3}},"locations":[{"start":{"line":4,"column":32},"end":{"line":14,"column":3}}]},"2":{"type":"branch","line":5,"loc":{"start":{"line":5,"column":18},"end":{"line":5,"column":33}},"locations":[{"start":{"line":5,"column":18},"end":{"line":5,"column":33}}]},"3":{"type":"branch","line":5,"loc":{"start":{"line":5,"column":35},"end":{"line":7,"column":11}},"locations":[{"start":{"line":5,"column":35},"end":{"line":7,"column":11}}]},"4":{"type":"branch","line":7,"loc":{"start":{"line":7,"column":5},"end":{"line":13,"column":5}},"locations":[{"start":{"line":7,"column":5},"end":{"line":13,"column":5}}]},"5":{"type":"branch","line":7,"loc":{"start":{"line":7,"column":27},"end":{"line":9,"column":11}},"locations":[{"start":{"line":7,"column":27},"end":{"line":9,"column":11}}]},"6":{"type":"branch","line":9,"loc":{"start":{"line":9,"column":5},"end":{"line":13,"column":5}},"locations":[{"start":{"line":9,"column":5},"end":{"line":13,"column":5}}]},"7":{"type":"branch","line":9,"loc":{"start":{"line":9,"column":28},"end":{"line":11,"column":11}},"locations":[{"start":{"line":9,"column":28},"end":{"line":11,"column":11}}]},"8":{"type":"branch","line":11,"loc":{"start":{"line":11,"column":5},"end":{"line":13,"column":5}},"locations":[{"start":{"line":11,"column":5},"end":{"line":13,"column":5}}]}},"b":{"0":[1],"1":[100],"2":[33],"3":[6],"4":[94],"5":[27],"6":[67],"7":[14],"8":[53]},"fnMap":{"0":{"name":"substitution","decl":{"start":{"line":1,"column":0},"end":{"line":18,"column":1}},"loc":{"start":{"line":1,"column":0},"end":{"line":18,"column":1}},"line":1}},"f":{"0":1}}
}
