TN:
SF:src/fibonacci.ts
FN:1,fibonacci
FNF:1
FNH:1
FNDA:1,fibonacci
DA:1,1
DA:2,1
DA:3,1
DA:4,1
DA:5,9
DA:6,9
DA:7,1
DA:8,1
DA:9,1
DA:10,1
LF:10
LH:10
BRDA:1,0,0,1
BRDA:4,1,0,9
BRF:2
BRH:2
end_of_record
TN:
SF:src/repeatWordsInString.ts
FN:1,repeatWordsInString
FNF:1
FNH:1
FNDA:1,repeatWordsInString
DA:1,1
DA:2,1
DA:3,1
DA:4,1
DA:5,1
DA:6,1
LF:6
LH:6
BRDA:1,0,0,1
BRDA:4,1,0,7
BRDA:4,2,0,70
BRF:3
BRH:3
end_of_record
TN:
SF:src/substitution.ts
FN:1,substitution
FNF:1
FNH:1
FNDA:1,substitution
DA:1,1
DA:2,1
DA:3,1
DA:4,1
DA:5,100
DA:6,6
DA:7,100
DA:8,27
DA:9,94
DA:10,14
DA:11,67
DA:12,53
DA:13,53
DA:14,100
DA:15,1
DA:16,1
DA:17,1
DA:18,1
LF:18
LH:18
BRDA:1,0,0,1
BRDA:4,1,0,100
BRDA:5,2,0,33
BRDA:5,3,0,6
BRDA:7,4,0,94
BRDA:7,5,0,27
BRDA:9,6,0,67
BRDA:9,7,0,14
BRDA:11,8,0,53
BRF:9
BRH:9
end_of_record
